2025-12-02 18:16:46,418 - INFO - === TLS Downgrade Simulation START ===
2025-12-02 18:16:46,419 - INFO - [EVENT] TLS_NEGOTIATION | {'negotiated_tls': 'TLS1.1', 'expected_min': 'TLS1.2', 'peer_cert_fp': 'SPOOFED:93c0fb54', 'action_by_attacker': 'FORCED_DOWNGRADE'}
2025-12-02 18:16:46,419 - WARNING - [ATTACK] TLS_DOWGRADE_DETECTED | blocked=True | reason=WEAK_TLS | meta={'negotiated': 'TLS1.1', 'seen_fp': 'SPOOFED:93c0fb54'}
2025-12-02 18:16:46,419 - INFO - [EVENT] SESSION_TERMINATED | {'reason': 'WEAK_TLS'}
2025-12-02 18:16:46,420 - INFO - [ATTACKER] Injected tampered MeterValues
2025-12-02 18:16:46,420 - INFO - [EVENT] OCPP_MSG_REJECTED | {'reason': 'TLS_SESSION_NOT_TRUSTED', 'msg_type': 'MeterValues', 'station': 'ST-271'}
2025-12-02 18:16:46,420 - WARNING - [ATTACK] OCPP_INJECTION_ATTEMPT | blocked=True | reason=Message injected after session termination | meta={'msg': {'stationId': 'ST-271', 'type': 'MeterValues', 'payload': {'energyWh': 1205.19}, 'nonce': 'dfe5458f5469', 'timestamp': '2025-12-02T15:16:46.420216+00:00', 'signature': 'TAMPERED:6d48488dfc95'}}
2025-12-02 18:16:46,420 - INFO - [ATTACKER] Injected tampered MeterValues
2025-12-02 18:16:46,421 - INFO - [EVENT] OCPP_MSG_REJECTED | {'reason': 'TLS_SESSION_NOT_TRUSTED', 'msg_type': 'MeterValues', 'station': 'ST-271'}
2025-12-02 18:16:46,421 - WARNING - [ATTACK] OCPP_INJECTION_ATTEMPT | blocked=True | reason=Message injected after session termination | meta={'msg': {'stationId': 'ST-271', 'type': 'MeterValues', 'payload': {'energyWh': 1072.5}, 'nonce': 'c147f90ea5ef', 'timestamp': '2025-12-02T15:16:46.420907+00:00', 'signature': 'TAMPERED:51fd399f7382'}}
2025-12-02 18:16:46,421 - INFO - [ATTACKER] Injected tampered MeterValues
2025-12-02 18:16:46,421 - INFO - [EVENT] OCPP_MSG_REJECTED | {'reason': 'TLS_SESSION_NOT_TRUSTED', 'msg_type': 'MeterValues', 'station': 'ST-271'}
2025-12-02 18:16:46,421 - WARNING - [ATTACK] OCPP_INJECTION_ATTEMPT | blocked=True | reason=Message injected after session termination | meta={'msg': {'stationId': 'ST-271', 'type': 'MeterValues', 'payload': {'energyWh': 1275.62}, 'nonce': '5ff936fbf39b', 'timestamp': '2025-12-02T15:16:46.421436+00:00', 'signature': 'TAMPERED:440ad25ba43b'}}
2025-12-02 18:16:46,422 - INFO - [ATTACKER] Injected tampered MeterValues
2025-12-02 18:16:46,422 - INFO - [EVENT] OCPP_MSG_REJECTED | {'reason': 'TLS_SESSION_NOT_TRUSTED', 'msg_type': 'MeterValues', 'station': 'ST-271'}
2025-12-02 18:16:46,422 - WARNING - [ATTACK] OCPP_INJECTION_ATTEMPT | blocked=True | reason=Message injected after session termination | meta={'msg': {'stationId': 'ST-271', 'type': 'MeterValues', 'payload': {'energyWh': 1158.56}, 'nonce': '1efbb4392b40', 'timestamp': '2025-12-02T15:16:46.422141+00:00', 'signature': 'TAMPERED:e049dc6ae186'}}
2025-12-02 18:16:46,422 - INFO - [ATTACKER] Injected tampered MeterValues
2025-12-02 18:16:46,422 - INFO - [EVENT] OCPP_MSG_REJECTED | {'reason': 'TLS_SESSION_NOT_TRUSTED', 'msg_type': 'MeterValues', 'station': 'ST-271'}
2025-12-02 18:16:46,422 - WARNING - [ATTACK] OCPP_INJECTION_ATTEMPT | blocked=True | reason=Message injected after session termination | meta={'msg': {'stationId': 'ST-271', 'type': 'MeterValues', 'payload': {'energyWh': 1209.01}, 'nonce': '4edef74479d4', 'timestamp': '2025-12-02T15:16:46.422581+00:00', 'signature': 'TAMPERED:643393f48726'}}
2025-12-02 18:16:46,422 - INFO - [ATTACKER] Injected tampered MeterValues
2025-12-02 18:16:46,423 - INFO - [EVENT] OCPP_MSG_REJECTED | {'reason': 'TLS_SESSION_NOT_TRUSTED', 'msg_type': 'MeterValues', 'station': 'ST-271'}
2025-12-02 18:16:46,423 - WARNING - [ATTACK] OCPP_INJECTION_ATTEMPT | blocked=True | reason=Message injected after session termination | meta={'msg': {'stationId': 'ST-271', 'type': 'MeterValues', 'payload': {'energyWh': 1130.32}, 'nonce': '235a41c505e2', 'timestamp': '2025-12-02T15:16:46.422958+00:00', 'signature': 'TAMPERED:bc6963ef73e4'}}
2025-12-02 18:16:46,423 - INFO - [ATTACKER] Injected tampered MeterValues
2025-12-02 18:16:46,423 - INFO - [EVENT] OCPP_MSG_REJECTED | {'reason': 'TLS_SESSION_NOT_TRUSTED', 'msg_type': 'MeterValues', 'station': 'ST-271'}
2025-12-02 18:16:46,423 - WARNING - [ATTACK] OCPP_INJECTION_ATTEMPT | blocked=True | reason=Message injected after session termination | meta={'msg': {'stationId': 'ST-271', 'type': 'MeterValues', 'payload': {'energyWh': 1280.71}, 'nonce': '730a03d6e3e5', 'timestamp': '2025-12-02T15:16:46.423215+00:00', 'signature': 'TAMPERED:119a1f3efa82'}}
2025-12-02 18:16:46,423 - INFO - [EVENT] OCPP_MSG_REJECTED | {'reason': 'TLS_SESSION_NOT_TRUSTED', 'msg_type': 'MeterValues', 'station': 'ST-271'}
2025-12-02 18:16:46,423 - INFO - [ATTACKER] Injected tampered MeterValues
2025-12-02 18:16:46,423 - INFO - [EVENT] OCPP_MSG_REJECTED | {'reason': 'TLS_SESSION_NOT_TRUSTED', 'msg_type': 'MeterValues', 'station': 'ST-271'}
2025-12-02 18:16:46,424 - WARNING - [ATTACK] OCPP_INJECTION_ATTEMPT | blocked=True | reason=Message injected after session termination | meta={'msg': {'stationId': 'ST-271', 'type': 'MeterValues', 'payload': {'energyWh': 1313.08}, 'nonce': 'bd3e536e3d46', 'timestamp': '2025-12-02T15:16:46.423718+00:00', 'signature': 'TAMPERED:ca471868bbf8'}}
2025-12-02 18:16:46,424 - INFO - [EVENT] OCPP_MSG_REJECTED | {'reason': 'TLS_SESSION_NOT_TRUSTED', 'msg_type': 'MeterValues', 'station': 'ST-271'}
2025-12-02 18:16:46,424 - INFO - [ATTACKER] Injected tampered MeterValues
2025-12-02 18:16:46,424 - INFO - [EVENT] OCPP_MSG_REJECTED | {'reason': 'TLS_SESSION_NOT_TRUSTED', 'msg_type': 'MeterValues', 'station': 'ST-271'}
2025-12-02 18:16:46,424 - WARNING - [ATTACK] OCPP_INJECTION_ATTEMPT | blocked=True | reason=Message injected after session termination | meta={'msg': {'stationId': 'ST-271', 'type': 'MeterValues', 'payload': {'energyWh': 1151.5}, 'nonce': 'f95d28b8c2b6', 'timestamp': '2025-12-02T15:16:46.424578+00:00', 'signature': 'TAMPERED:b6e12358877d'}}
2025-12-02 18:16:46,424 - INFO - [EVENT] OCPP_MSG_REJECTED | {'reason': 'TLS_SESSION_NOT_TRUSTED', 'msg_type': 'MeterValues', 'station': 'ST-271'}
2025-12-02 18:16:46,425 - INFO - [EVENT] OCPP_MSG_REJECTED | {'reason': 'TLS_SESSION_NOT_TRUSTED', 'msg_type': 'MeterValues', 'station': 'ST-271'}
2025-12-02 18:16:46,425 - INFO - [EVENT] OCPP_MSG_REJECTED | {'reason': 'TLS_SESSION_NOT_TRUSTED', 'msg_type': 'MeterValues', 'station': 'ST-271'}
2025-12-02 18:16:46,425 - INFO - [ATTACKER] Injected tampered MeterValues
2025-12-02 18:16:46,425 - INFO - [EVENT] OCPP_MSG_REJECTED | {'reason': 'TLS_SESSION_NOT_TRUSTED', 'msg_type': 'MeterValues', 'station': 'ST-271'}
2025-12-02 18:16:46,425 - WARNING - [ATTACK] OCPP_INJECTION_ATTEMPT | blocked=True | reason=Message injected after session termination | meta={'msg': {'stationId': 'ST-271', 'type': 'MeterValues', 'payload': {'energyWh': 1325.58}, 'nonce': 'fa8ac1bb9e74', 'timestamp': '2025-12-02T15:16:46.425235+00:00', 'signature': 'TAMPERED:665f681325e9'}}
2025-12-02 18:16:46,425 - INFO - [EVENT] OCPP_CMD_REJECTED | {'cmd': 'RemoteStartTransaction', 'reason': 'TLS_NOT_TRUSTED'}
2025-12-02 18:16:46,426 - WARNING - [ATTACK] OCPP_CMD_REJECTED | blocked=True | reason=RemoteStart blocked due to TLS not trusted | meta={'cmd': {'stationId': 'ST-271', 'type': 'RemoteStartTransaction', 'payload': {'requestedBy': 'attacker'}, 'timestamp': '2025-12-02T15:16:46.425664+00:00', 'nonce': '418595a18278', 'signature': 'd1bbfbcaa3ca2e674f7f3711aefb044880beb8c2dd1defbb2f28ebd2b597775c'}}
2025-12-02 18:16:46,427 - INFO - Saved security report: logs\tls_report_20251202_181646.json
2025-12-02 18:16:46,428 - INFO - === TLS Downgrade Simulation END ===
2025-12-02 18:16:46,819 - INFO - === TLS Downgrade Simulation START ===
2025-12-02 18:16:46,820 - INFO - [EVENT] TLS_NEGOTIATION | {'negotiated_tls': None, 'expected_min': 'TLS1.2', 'peer_cert_fp': 'AB:1C:DE:FA:11:22:33:44:55', 'action_by_attacker': 'NORMAL'}
2025-12-02 18:16:46,820 - WARNING - [ATTACK] TLS_DOWGRADE_DETECTED | blocked=True | reason=UNKNOWN_TLS | meta={'negotiated': None, 'seen_fp': 'AB:1C:DE:FA:11:22:33:44:55'}
2025-12-02 18:16:46,820 - INFO - [EVENT] SESSION_TERMINATED | {'reason': 'UNKNOWN_TLS'}
2025-12-02 18:16:46,820 - INFO - [ATTACKER] Injected tampered MeterValues
2025-12-02 18:16:46,820 - INFO - [EVENT] OCPP_MSG_REJECTED | {'reason': 'TLS_SESSION_NOT_TRUSTED', 'msg_type': 'MeterValues', 'station': 'ST-271'}
2025-12-02 18:16:46,821 - WARNING - [ATTACK] OCPP_INJECTION_ATTEMPT | blocked=True | reason=Message injected after session termination | meta={'msg': {'stationId': 'ST-271', 'type': 'MeterValues', 'payload': {'energyWh': 1105.04}, 'nonce': '3e751e5c9749', 'timestamp': '2025-12-02T15:16:46.820738+00:00', 'signature': 'TAMPERED:a3f1384640a7'}}
2025-12-02 18:16:46,821 - INFO - [EVENT] OCPP_MSG_REJECTED | {'reason': 'TLS_SESSION_NOT_TRUSTED', 'msg_type': 'MeterValues', 'station': 'ST-271'}
2025-12-02 18:16:46,821 - INFO - [EVENT] OCPP_MSG_REJECTED | {'reason': 'TLS_SESSION_NOT_TRUSTED', 'msg_type': 'MeterValues', 'station': 'ST-271'}
2025-12-02 18:16:46,821 - INFO - [EVENT] OCPP_MSG_REJECTED | {'reason': 'TLS_SESSION_NOT_TRUSTED', 'msg_type': 'MeterValues', 'station': 'ST-271'}
2025-12-02 18:16:46,821 - INFO - [EVENT] OCPP_MSG_REJECTED | {'reason': 'TLS_SESSION_NOT_TRUSTED', 'msg_type': 'MeterValues', 'station': 'ST-271'}
2025-12-02 18:16:46,821 - INFO - [ATTACKER] Injected tampered MeterValues
2025-12-02 18:16:46,821 - INFO - [EVENT] OCPP_MSG_REJECTED | {'reason': 'TLS_SESSION_NOT_TRUSTED', 'msg_type': 'MeterValues', 'station': 'ST-271'}
2025-12-02 18:16:46,821 - WARNING - [ATTACK] OCPP_INJECTION_ATTEMPT | blocked=True | reason=Message injected after session termination | meta={'msg': {'stationId': 'ST-271', 'type': 'MeterValues', 'payload': {'energyWh': 1141.52}, 'nonce': 'be0c66c7a5a8', 'timestamp': '2025-12-02T15:16:46.821549+00:00', 'signature': 'TAMPERED:114acfd343c6'}}
2025-12-02 18:16:46,821 - INFO - [EVENT] OCPP_MSG_REJECTED | {'reason': 'TLS_SESSION_NOT_TRUSTED', 'msg_type': 'MeterValues', 'station': 'ST-271'}
2025-12-02 18:16:46,822 - INFO - [EVENT] OCPP_MSG_REJECTED | {'reason': 'TLS_SESSION_NOT_TRUSTED', 'msg_type': 'MeterValues', 'station': 'ST-271'}
2025-12-02 18:16:46,822 - INFO - [EVENT] OCPP_MSG_REJECTED | {'reason': 'TLS_SESSION_NOT_TRUSTED', 'msg_type': 'MeterValues', 'station': 'ST-271'}
2025-12-02 18:16:46,822 - INFO - [EVENT] OCPP_MSG_REJECTED | {'reason': 'TLS_SESSION_NOT_TRUSTED', 'msg_type': 'MeterValues', 'station': 'ST-271'}
2025-12-02 18:16:46,822 - INFO - [EVENT] OCPP_MSG_REJECTED | {'reason': 'TLS_SESSION_NOT_TRUSTED', 'msg_type': 'MeterValues', 'station': 'ST-271'}
2025-12-02 18:16:46,822 - INFO - [ATTACKER] Injected tampered MeterValues
2025-12-02 18:16:46,822 - INFO - [EVENT] OCPP_MSG_REJECTED | {'reason': 'TLS_SESSION_NOT_TRUSTED', 'msg_type': 'MeterValues', 'station': 'ST-271'}
2025-12-02 18:16:46,822 - WARNING - [ATTACK] OCPP_INJECTION_ATTEMPT | blocked=True | reason=Message injected after session termination | meta={'msg': {'stationId': 'ST-271', 'type': 'MeterValues', 'payload': {'energyWh': 1179.06}, 'nonce': '9ff5925d8cb6', 'timestamp': '2025-12-02T15:16:46.822479+00:00', 'signature': 'TAMPERED:b6d1a4e06f50'}}
2025-12-02 18:16:46,822 - INFO - [EVENT] OCPP_MSG_REJECTED | {'reason': 'TLS_SESSION_NOT_TRUSTED', 'msg_type': 'MeterValues', 'station': 'ST-271'}
2025-12-02 18:16:46,822 - INFO - [EVENT] OCPP_MSG_REJECTED | {'reason': 'TLS_SESSION_NOT_TRUSTED', 'msg_type': 'MeterValues', 'station': 'ST-271'}
2025-12-02 18:16:46,822 - INFO - [ATTACKER] Injected tampered MeterValues
2025-12-02 18:16:46,822 - INFO - [EVENT] OCPP_MSG_REJECTED | {'reason': 'TLS_SESSION_NOT_TRUSTED', 'msg_type': 'MeterValues', 'station': 'ST-271'}
2025-12-02 18:16:46,823 - WARNING - [ATTACK] OCPP_INJECTION_ATTEMPT | blocked=True | reason=Message injected after session termination | meta={'msg': {'stationId': 'ST-271', 'type': 'MeterValues', 'payload': {'energyWh': 1247.26}, 'nonce': 'd20ca1aa809a', 'timestamp': '2025-12-02T15:16:46.822874+00:00', 'signature': 'TAMPERED:79b5f3fb19c9'}}
2025-12-02 18:16:46,823 - INFO - [EVENT] OCPP_CMD_REJECTED | {'cmd': 'RemoteStartTransaction', 'reason': 'TLS_NOT_TRUSTED'}
2025-12-02 18:16:46,823 - WARNING - [ATTACK] OCPP_CMD_REJECTED | blocked=True | reason=RemoteStart blocked due to TLS not trusted | meta={'cmd': {'stationId': 'ST-271', 'type': 'RemoteStartTransaction', 'payload': {'requestedBy': 'attacker'}, 'timestamp': '2025-12-02T15:16:46.823230+00:00', 'nonce': '5fba8a32c9df', 'signature': '88bf726584efa25f967ffbd0bba94baade1bd46804ee4eb7dbcf71267eba3932'}}
2025-12-02 18:16:46,824 - INFO - Saved security report: logs\tls_report_20251202_181646.json
2025-12-02 18:16:46,824 - INFO - === TLS Downgrade Simulation END ===
